<?xml version="1.0" encoding="UTF-8" ?>
<testsuite errors="0" failures="2" hostname="anu-Latitude-3480" name="Testcases.CustomProjectRunner" skipped="1" tests="8" time="0.083" timestamp="2020-09-25T06:20:06">
  <properties>
[...]
</properties>
  <testcase classname="Testcases.LoginTest" name="loginTest[0]" time="0.0" />
  <testcase classname="Testcases.LoginTest" name="loginTest[1]" time="0.0" />
  <testcase classname="Testcases.LoginTest" name="loginTest[2]" time="0.0" />
  <testcase classname="Testcases.LoginTest" name="loginTest[3]" time="0.0" />
  <testcase classname="Testcases.ShopMobilePhone" name="CheckOutOrder" time="0.009">
    <skipped message="got: &lt;false&gt;, expected: is &lt;true&gt;" />
  </testcase>
  <testcase classname="Testcases.ShopMobilePhone" name="SearchForMobile" time="0.001" />
  <testcase classname="Testcases.ShopMobilePhone" name="SelectMobile" time="0.0" />
  <testcase classname="Testcases.Validations" name="validate" time="0.012">
    <failure message="expected:&lt;A[]&gt; but was:&lt;A[kl]&gt;" type="junit.framework.AssertionFailedError">junit.framework.AssertionFailedError: expected:&lt;A[]&gt; but was:&lt;A[kl]&gt;
	at Testcases.Validations.validate(Validations.java:21)
</failure>
    <failure message="The link isn&apos;t available" type="junit.framework.AssertionFailedError">junit.framework.AssertionFailedError: The link isn&apos;t available
	at Testcases.Validations.validate(Validations.java:41)
</failure>
  </testcase>
  <system-out><![CDATA[U1: P1  : Firefox
U2: P2  : Chromium
U3: P3  : Explorer
U4: P4  : Safari
Searching for Mobile
Selecting Mobile
Start
Some error occured  expected:<A[]> but was:<A[kl]>
End
Some error occured  The link isn't available
]]></system-out>
  <system-err><![CDATA[]]></system-err>
</testsuite>
