<?xml version="1.0" encoding="UTF-8"?>
<testsuite xmlns:xsi="http://www.w3.org/2001/XMLSchema-instance" xsi:noNamespaceSchemaLocation="https://maven.apache.org/surefire/maven-surefire-plugin/xsd/surefire-test-report.xsd" name="Testcases.LoginTest" time="0.057" tests="4" errors="0" skipped="0" failures="0">
  <properties>
[...]
</properties>
  <testcase name="loginTest[0]" classname="Testcases.LoginTest" time="0.037"/>
  <testcase name="loginTest[3]" classname="Testcases.LoginTest" time="0.006"/>
  <testcase name="loginTest[2]" classname="Testcases.LoginTest" time="0.039"/>
  <testcase name="loginTest[1]" classname="Testcases.LoginTest" time="0.04"/>
</testsuite>